Aug 01 22:21:20 Installed: wget-1.14-15.el7_4.1.x86_64
Aug 01 22:33:23 Installed: mpfr-3.1.1-4.el7.x86_64
Aug 01 22:33:23 Installed: libmpc-1.0.1-3.el7.x86_64
Aug 01 22:33:23 Installed: cpp-4.8.5-28.el7_5.1.x86_64
Aug 01 22:33:23 Updated: libgcc-4.8.5-28.el7_5.1.x86_64
Aug 01 22:33:24 Installed: kernel-headers-3.10.0-862.9.1.el7.x86_64
Aug 01 22:33:25 Installed: glibc-headers-2.17-222.el7.x86_64
Aug 01 22:33:25 Installed: glibc-devel-2.17-222.el7.x86_64
Aug 01 22:33:25 Updated: libgomp-4.8.5-28.el7_5.1.x86_64
Aug 01 22:33:27 Installed: gcc-4.8.5-28.el7_5.1.x86_64
Aug 01 22:37:15 Installed: m4-1.4.16-10.el7.x86_64
Aug 01 22:37:15 Installed: bison-3.0.4-1.el7.x86_64
Aug 01 22:37:30 Installed: flex-2.5.37-3.el7.x86_64
Aug 01 22:40:13 Installed: ncurses-devel-5.9-14.20130511.el7_4.x86_64
Aug 01 22:44:02 Installed: zlib-devel-1.2.7-17.el7.x86_64
Aug 01 22:44:02 Installed: elfutils-libelf-devel-0.170-4.el7.x86_64
Aug 01 22:44:16 Installed: bc-1.06.95-13.el7.x86_64
Aug 01 22:44:44 Updated: libcom_err-1.42.9-12.el7_5.x86_64
Aug 01 22:44:44 Updated: e2fsprogs-libs-1.42.9-12.el7_5.x86_64
Aug 01 22:44:44 Updated: libss-1.42.9-12.el7_5.x86_64
Aug 01 22:44:44 Installed: libkadm5-1.15.1-19.el7.x86_64
Aug 01 22:44:44 Installed: libcom_err-devel-1.42.9-12.el7_5.x86_64
Aug 01 22:44:44 Installed: keyutils-libs-devel-1.5.8-3.el7.x86_64
Aug 01 22:44:44 Installed: libsepol-devel-2.5-8.1.el7.x86_64
Aug 01 22:44:44 Installed: pcre-devel-8.32-17.el7.x86_64
Aug 01 22:44:44 Installed: libselinux-devel-2.5-12.el7.x86_64
Aug 01 22:44:44 Installed: libverto-devel-0.2.5-4.el7.x86_64
Aug 01 22:44:45 Installed: krb5-devel-1.15.1-19.el7.x86_64
Aug 01 22:44:46 Installed: 1:openssl-devel-1.0.2k-12.el7.x86_64
Aug 01 22:44:46 Updated: e2fsprogs-1.42.9-12.el7_5.x86_64
Aug 02 03:13:05 Installed: 1:perl-parent-0.225-244.el7.noarch
Aug 02 03:13:06 Installed: perl-HTTP-Tiny-0.033-3.el7.noarch
Aug 02 03:13:06 Installed: perl-podlators-2.5.1-3.el7.noarch
Aug 02 03:13:06 Installed: perl-Pod-Perldoc-3.20-4.el7.noarch
Aug 02 03:13:06 Installed: 1:perl-Pod-Escapes-1.04-292.el7.noarch
Aug 02 03:13:06 Installed: perl-Text-ParseWords-3.29-4.el7.noarch
Aug 02 03:13:06 Installed: perl-Encode-2.51-7.el7.x86_64
Aug 02 03:13:06 Installed: perl-Pod-Usage-1.63-3.el7.noarch
Aug 02 03:13:06 Installed: 4:perl-macros-5.16.3-292.el7.x86_64
Aug 02 03:13:06 Installed: 4:perl-libs-5.16.3-292.el7.x86_64
Aug 02 03:13:06 Installed: perl-Storable-2.45-3.el7.x86_64
Aug 02 03:13:06 Installed: perl-Exporter-5.68-3.el7.noarch
Aug 02 03:13:06 Installed: perl-constant-1.27-2.el7.noarch
Aug 02 03:13:06 Installed: perl-Time-Local-1.2300-2.el7.noarch
Aug 02 03:13:06 Installed: perl-Socket-2.010-4.el7.x86_64
Aug 02 03:13:06 Installed: perl-Carp-1.26-244.el7.noarch
Aug 02 03:13:07 Installed: 4:perl-Time-HiRes-1.9725-3.el7.x86_64
Aug 02 03:13:07 Installed: perl-PathTools-3.40-5.el7.x86_64
Aug 02 03:13:07 Installed: perl-Scalar-List-Utils-1.27-248.el7.x86_64
Aug 02 03:13:07 Installed: perl-File-Temp-0.23.01-3.el7.noarch
Aug 02 03:13:07 Installed: perl-File-Path-2.09-2.el7.noarch
Aug 02 03:13:07 Installed: perl-threads-shared-1.43-6.el7.x86_64
Aug 02 03:13:07 Installed: perl-threads-1.87-4.el7.x86_64
Aug 02 03:13:07 Installed: perl-Filter-1.49-3.el7.x86_64
Aug 02 03:13:07 Installed: 1:perl-Pod-Simple-3.28-4.el7.noarch
Aug 02 03:13:07 Installed: perl-Getopt-Long-2.40-3.el7.noarch
Aug 02 03:13:09 Installed: 4:perl-5.16.3-292.el7.x86_64
